<?xml version="1.0" encoding="UTF-8"?>
<!-- Generated by org.testng.reporters.JUnitXMLReporter -->
<testsuite ignored="0" hostname="Mohammad" failures="0" tests="3" name="Default test" time="2.581" errors="0" timestamp="2023-09-14T16:53:09 EDT">
  <testcase classname="swaggerApi.morePetStoreTests" name="case1" time="1.88"/>
  <testcase classname="swaggerApi.morePetStoreTests" name="case2" time="0.175"/>
  <testcase classname="swaggerApi.morePetStoreTests" name="case3" time="0.118"/>
</testsuite> <!-- Default test -->
