<?xml version="1.0" encoding="UTF-8"?>
<!-- Generated by org.testng.reporters.JUnitXMLReporter -->
<testsuite ignored="0" hostname="Mohammad" failures="1" tests="9" name="various tests" time="22.915" errors="0" timestamp="2023-09-05T19:14:12 EDT">
  <testcase classname="tests.HomeworkTestNG" name="case1" time="10.42"/>
  <testcase classname="tests.HomeworkTestNG" name="case2" time="6.35"/>
  <testcase classname="tests.HomeworkTestNG" name="case3" time="3.402"/>
  <testcase classname="tests.SauceTestNG" name="invalidUserLogin" time="0.23"/>
  <testcase classname="tests.SauceTestNG" name="lockedOutUser" time="0.185"/>
  <testcase classname="tests.SauceTestNG" name="validUserLogin" time="0.213"/>
  <testcase classname="tests.NewTest" name="t2" time="0.001"/>
  <testcase classname="tests.NewTest" name="t1" time="0.001">
    <failure type="java.lang.AssertionError" message="null">
      <![CDATA[java.lang.AssertionError: null
at tests.NewTest.t1(NewTest.java:15)
at java.base/java.util.ArrayList.forEach(ArrayList.java:1511)
... Removed 27 stack frames]]>
    </failure>
  </testcase> <!-- t1 -->
  <testcase classname="tests.NewTest" name="t3" time="0.0">
    <skipped/>
  </testcase> <!-- t3 -->
</testsuite> <!-- various tests -->
