<?xml version="1.0" encoding="UTF-8"?>
<testng-results ignored="0" total="6" passed="6" failed="0" skipped="0">
  <reporter-output>
  </reporter-output>
  <suite started-at="2023-09-14T15:34:44 EDT" name="Default suite" finished-at="2023-09-14T15:34:47 EDT" duration-ms="3179">
    <groups>
    </groups>
    <test started-at="2023-09-14T15:34:44 EDT" name="Default test" finished-at="2023-09-14T15:34:47 EDT" duration-ms="3179">
      <class name="swaggerApi.PetstoreTests">
        <test-method is-config="true" signature="setup()[pri:0, instance:swaggerApi.PetstoreTests@61df66b6]" started-at="2023-09-14T15:34:44 EDT" name="setup" finished-at="2023-09-14T15:34:44 EDT" duration-ms="385" status="PASS">
          <reporter-output>
          </reporter-output>
        </test-method> <!-- setup -->
        <test-method signature="addPet()[pri:0, instance:swaggerApi.PetstoreTests@61df66b6]" started-at="2023-09-14T15:34:44 EDT" name="addPet" finished-at="2023-09-14T15:34:46 EDT" duration-ms="2014" status="PASS">
          <reporter-output>
          </reporter-output>
        </test-method> <!-- addPet -->
        <test-method signature="invalidUpdate()[pri:0, instance:swaggerApi.PetstoreTests@61df66b6]" started-at="2023-09-14T15:34:46 EDT" name="invalidUpdate" finished-at="2023-09-14T15:34:47 EDT" duration-ms="146" status="PASS">
          <reporter-output>
          </reporter-output>
        </test-method> <!-- invalidUpdate -->
        <test-method signature="cleanup()[pri:0, instance:swaggerApi.PetstoreTests@61df66b6]" started-at="2023-09-14T15:34:47 EDT" name="cleanup" finished-at="2023-09-14T15:34:47 EDT" duration-ms="116" status="PASS">
          <reporter-output>
          </reporter-output>
        </test-method> <!-- cleanup -->
        <test-method signature="findByStatus()[pri:0, instance:swaggerApi.PetstoreTests@61df66b6]" started-at="2023-09-14T15:34:47 EDT" name="findByStatus" finished-at="2023-09-14T15:34:47 EDT" duration-ms="114" status="PASS">
          <reporter-output>
          </reporter-output>
        </test-method> <!-- findByStatus -->
        <test-method signature="updatePet()[pri:0, instance:swaggerApi.PetstoreTests@61df66b6]" started-at="2023-09-14T15:34:47 EDT" name="updatePet" finished-at="2023-09-14T15:34:47 EDT" depends-on-methods="swaggerApi.PetstoreTests.addPet" duration-ms="167" status="PASS">
          <reporter-output>
          </reporter-output>
        </test-method> <!-- updatePet -->
        <test-method signature="getByID()[pri:0, instance:swaggerApi.PetstoreTests@61df66b6]" started-at="2023-09-14T15:34:47 EDT" name="getByID" finished-at="2023-09-14T15:34:47 EDT" depends-on-methods="swaggerApi.PetstoreTests.updatePet, swaggerApi.PetstoreTests.addPet" duration-ms="202" status="PASS">
          <reporter-output>
          </reporter-output>
        </test-method> <!-- getByID -->
      </class> <!-- swaggerApi.PetstoreTests -->
    </test> <!-- Default test -->
  </suite> <!-- Default suite -->
</testng-results>
