<?xml version="1.0" encoding="UTF-8"?>
<!-- Generated by org.testng.reporters.JUnitXMLReporter -->
<testsuite ignored="0" hostname="Mohammad" failures="0" tests="9" name="ApiTests" time="3.749" errors="0" timestamp="2023-09-18T18:46:26 EDT">
  <testcase classname="swaggerApi.morePetStoreTests" name="case1" time="2.53"/>
  <testcase classname="swaggerApi.PetstoreTests" name="addPet" time="2.547"/>
  <testcase classname="swaggerApi.morePetStoreTests" name="case2" time="0.162"/>
  <testcase classname="swaggerApi.PetstoreTests" name="invalidUpdate" time="0.147"/>
  <testcase classname="swaggerApi.morePetStoreTests" name="case3" time="0.124"/>
  <testcase classname="swaggerApi.PetstoreTests" name="cleanup" time="0.127"/>
  <testcase classname="swaggerApi.PetstoreTests" name="findByStatus" time="0.135"/>
  <testcase classname="swaggerApi.PetstoreTests" name="updatePet" time="0.156"/>
  <testcase classname="swaggerApi.PetstoreTests" name="getByID" time="0.206"/>
</testsuite> <!-- ApiTests -->
